  LAB0807.cpp
F:\Mahanakorn_UNIVERSITY\python & c\lab\MIIA0106-2025-B\LAB08\LAB0807\LAB0807.cpp(56,10): warning C4566: character represented by universal-character-name '\u0E23' cannot be represented in the current code page (1252)
F:\Mahanakorn_UNIVERSITY\python & c\lab\MIIA0106-2025-B\LAB08\LAB0807\LAB0807.cpp(56,10): warning C4566: character represented by universal-character-name '\u0E2B' cannot be represented in the current code page (1252)
F:\Mahanakorn_UNIVERSITY\python & c\lab\MIIA0106-2025-B\LAB08\LAB0807\LAB0807.cpp(56,10): warning C4566: character represented by universal-character-name '\u0E31' cannot be represented in the current code page (1252)
F:\Mahanakorn_UNIVERSITY\python & c\lab\MIIA0106-2025-B\LAB08\LAB0807\LAB0807.cpp(56,10): warning C4566: character represented by universal-character-name '\u0E2A' cannot be represented in the current code page (1252)
F:\Mahanakorn_UNIVERSITY\python & c\lab\MIIA0106-2025-B\LAB08\LAB0807\LAB0807.cpp(56,10): warning C4566: character represented by universal-character-name '\u0E19' cannot be represented in the current code page (1252)
F:\Mahanakorn_UNIVERSITY\python & c\lab\MIIA0106-2025-B\LAB08\LAB0807\LAB0807.cpp(56,10): warning C4566: character represented by universal-character-name '\u0E01' cannot be represented in the current code page (1252)
F:\Mahanakorn_UNIVERSITY\python & c\lab\MIIA0106-2025-B\LAB08\LAB0807\LAB0807.cpp(56,10): warning C4566: character represented by universal-character-name '\u0E28' cannot be represented in the current code page (1252)
F:\Mahanakorn_UNIVERSITY\python & c\lab\MIIA0106-2025-B\LAB08\LAB0807\LAB0807.cpp(56,10): warning C4566: character represented by universal-character-name '\u0E36' cannot be represented in the current code page (1252)
F:\Mahanakorn_UNIVERSITY\python & c\lab\MIIA0106-2025-B\LAB08\LAB0807\LAB0807.cpp(56,10): warning C4566: character represented by universal-character-name '\u0E29' cannot be represented in the current code page (1252)
F:\Mahanakorn_UNIVERSITY\python & c\lab\MIIA0106-2025-B\LAB08\LAB0807\LAB0807.cpp(56,10): warning C4566: character represented by universal-character-name '\u0E32' cannot be represented in the current code page (1252)
F:\Mahanakorn_UNIVERSITY\python & c\lab\MIIA0106-2025-B\LAB08\LAB0807\LAB0807.cpp(57,10): warning C4566: character represented by universal-character-name '\u0E0A' cannot be represented in the current code page (1252)
F:\Mahanakorn_UNIVERSITY\python & c\lab\MIIA0106-2025-B\LAB08\LAB0807\LAB0807.cpp(57,10): warning C4566: character represented by universal-character-name '\u0E37' cannot be represented in the current code page (1252)
F:\Mahanakorn_UNIVERSITY\python & c\lab\MIIA0106-2025-B\LAB08\LAB0807\LAB0807.cpp(57,10): warning C4566: character represented by universal-character-name '\u0E48' cannot be represented in the current code page (1252)
F:\Mahanakorn_UNIVERSITY\python & c\lab\MIIA0106-2025-B\LAB08\LAB0807\LAB0807.cpp(57,10): warning C4566: character represented by universal-character-name '\u0E2D' cannot be represented in the current code page (1252)
F:\Mahanakorn_UNIVERSITY\python & c\lab\MIIA0106-2025-B\LAB08\LAB0807\LAB0807.cpp(57,10): warning C4566: character represented by universal-character-name '\u0E40' cannot be represented in the current code page (1252)
F:\Mahanakorn_UNIVERSITY\python & c\lab\MIIA0106-2025-B\LAB08\LAB0807\LAB0807.cpp(57,10): warning C4566: character represented by universal-character-name '\u0E25' cannot be represented in the current code page (1252)
F:\Mahanakorn_UNIVERSITY\python & c\lab\MIIA0106-2025-B\LAB08\LAB0807\LAB0807.cpp(57,10): warning C4566: character represented by universal-character-name '\u0E19' cannot be represented in the current code page (1252)
F:\Mahanakorn_UNIVERSITY\python & c\lab\MIIA0106-2025-B\LAB08\LAB0807\LAB0807.cpp(58,10): warning C4566: character represented by universal-character-name '\u0E44' cannot be represented in the current code page (1252)
F:\Mahanakorn_UNIVERSITY\python & c\lab\MIIA0106-2025-B\LAB08\LAB0807\LAB0807.cpp(58,10): warning C4566: character represented by universal-character-name '\u0E25' cannot be represented in the current code page (1252)
F:\Mahanakorn_UNIVERSITY\python & c\lab\MIIA0106-2025-B\LAB08\LAB0807\LAB0807.cpp(58,10): warning C4566: character represented by universal-character-name '\u0E19' cannot be represented in the current code page (1252)
F:\Mahanakorn_UNIVERSITY\python & c\lab\MIIA0106-2025-B\LAB08\LAB0807\LAB0807.cpp(58,10): warning C4566: character represented by universal-character-name '\u0E4C' cannot be represented in the current code page (1252)
F:\Mahanakorn_UNIVERSITY\python & c\lab\MIIA0106-2025-B\LAB08\LAB0807\LAB0807.cpp(58,10): warning C4566: character represented by universal-character-name '\u0E2D' cannot be represented in the current code page (1252)
F:\Mahanakorn_UNIVERSITY\python & c\lab\MIIA0106-2025-B\LAB08\LAB0807\LAB0807.cpp(58,10): warning C4566: character represented by universal-character-name '\u0E14' cannot be represented in the current code page (1252)
F:\Mahanakorn_UNIVERSITY\python & c\lab\MIIA0106-2025-B\LAB08\LAB0807\LAB0807.cpp(58,10): warning C4566: character represented by universal-character-name '\u0E35' cannot be represented in the current code page (1252)
F:\Mahanakorn_UNIVERSITY\python & c\lab\MIIA0106-2025-B\LAB08\LAB0807\LAB0807.cpp(60,10): warning C4566: character represented by universal-character-name '\u0E40' cannot be represented in the current code page (1252)
F:\Mahanakorn_UNIVERSITY\python & c\lab\MIIA0106-2025-B\LAB08\LAB0807\LAB0807.cpp(60,10): warning C4566: character represented by universal-character-name '\u0E1A' cannot be represented in the current code page (1252)
F:\Mahanakorn_UNIVERSITY\python & c\lab\MIIA0106-2025-B\LAB08\LAB0807\LAB0807.cpp(60,10): warning C4566: character represented by universal-character-name '\u0E2D' cannot be represented in the current code page (1252)
F:\Mahanakorn_UNIVERSITY\python & c\lab\MIIA0106-2025-B\LAB08\LAB0807\LAB0807.cpp(60,10): warning C4566: character represented by universal-character-name '\u0E23' cannot be represented in the current code page (1252)
F:\Mahanakorn_UNIVERSITY\python & c\lab\MIIA0106-2025-B\LAB08\LAB0807\LAB0807.cpp(60,10): warning C4566: character represented by universal-character-name '\u0E4C' cannot be represented in the current code page (1252)
F:\Mahanakorn_UNIVERSITY\python & c\lab\MIIA0106-2025-B\LAB08\LAB0807\LAB0807.cpp(60,10): warning C4566: character represented by universal-character-name '\u0E42' cannot be represented in the current code page (1252)
F:\Mahanakorn_UNIVERSITY\python & c\lab\MIIA0106-2025-B\LAB08\LAB0807\LAB0807.cpp(60,10): warning C4566: character represented by universal-character-name '\u0E17' cannot be represented in the current code page (1252)
F:\Mahanakorn_UNIVERSITY\python & c\lab\MIIA0106-2025-B\LAB08\LAB0807\LAB0807.cpp(60,10): warning C4566: character represented by universal-character-name '\u0E28' cannot be represented in the current code page (1252)
F:\Mahanakorn_UNIVERSITY\python & c\lab\MIIA0106-2025-B\LAB08\LAB0807\LAB0807.cpp(60,10): warning C4566: character represented by universal-character-name '\u0E31' cannot be represented in the current code page (1252)
F:\Mahanakorn_UNIVERSITY\python & c\lab\MIIA0106-2025-B\LAB08\LAB0807\LAB0807.cpp(60,10): warning C4566: character represented by universal-character-name '\u0E1E' cannot be represented in the current code page (1252)
F:\Mahanakorn_UNIVERSITY\python & c\lab\MIIA0106-2025-B\LAB08\LAB0807\LAB0807.cpp(61,10): warning C4566: character represented by universal-character-name '\u0E40' cannot be represented in the current code page (1252)
F:\Mahanakorn_UNIVERSITY\python & c\lab\MIIA0106-2025-B\LAB08\LAB0807\LAB0807.cpp(61,10): warning C4566: character represented by universal-character-name '\u0E1A' cannot be represented in the current code page (1252)
F:\Mahanakorn_UNIVERSITY\python & c\lab\MIIA0106-2025-B\LAB08\LAB0807\LAB0807.cpp(61,10): warning C4566: character represented by universal-character-name '\u0E2D' cannot be represented in the current code page (1252)
F:\Mahanakorn_UNIVERSITY\python & c\lab\MIIA0106-2025-B\LAB08\LAB0807\LAB0807.cpp(61,10): warning C4566: character represented by universal-character-name '\u0E23' cannot be represented in the current code page (1252)
F:\Mahanakorn_UNIVERSITY\python & c\lab\MIIA0106-2025-B\LAB08\LAB0807\LAB0807.cpp(61,10): warning C4566: character represented by universal-character-name '\u0E4C' cannot be represented in the current code page (1252)
F:\Mahanakorn_UNIVERSITY\python & c\lab\MIIA0106-2025-B\LAB08\LAB0807\LAB0807.cpp(61,10): warning C4566: character represented by universal-character-name '\u0E42' cannot be represented in the current code page (1252)
F:\Mahanakorn_UNIVERSITY\python & c\lab\MIIA0106-2025-B\LAB08\LAB0807\LAB0807.cpp(61,10): warning C4566: character represented by universal-character-name '\u0E17' cannot be represented in the current code page (1252)
F:\Mahanakorn_UNIVERSITY\python & c\lab\MIIA0106-2025-B\LAB08\LAB0807\LAB0807.cpp(61,10): warning C4566: character represented by universal-character-name '\u0E28' cannot be represented in the current code page (1252)
F:\Mahanakorn_UNIVERSITY\python & c\lab\MIIA0106-2025-B\LAB08\LAB0807\LAB0807.cpp(61,10): warning C4566: character represented by universal-character-name '\u0E31' cannot be represented in the current code page (1252)
F:\Mahanakorn_UNIVERSITY\python & c\lab\MIIA0106-2025-B\LAB08\LAB0807\LAB0807.cpp(61,10): warning C4566: character represented by universal-character-name '\u0E1E' cannot be represented in the current code page (1252)
F:\Mahanakorn_UNIVERSITY\python & c\lab\MIIA0106-2025-B\LAB08\LAB0807\LAB0807.cpp(61,10): warning C4566: character represented by universal-character-name '\u0E49' cannot be represented in the current code page (1252)
F:\Mahanakorn_UNIVERSITY\python & c\lab\MIIA0106-2025-B\LAB08\LAB0807\LAB0807.cpp(61,10): warning C4566: character represented by universal-character-name '\u0E32' cannot be represented in the current code page (1252)
F:\Mahanakorn_UNIVERSITY\python & c\lab\MIIA0106-2025-B\LAB08\LAB0807\LAB0807.cpp(61,10): warning C4566: character represented by universal-character-name '\u0E19' cannot be represented in the current code page (1252)
F:\Mahanakorn_UNIVERSITY\python & c\lab\MIIA0106-2025-B\LAB08\LAB0807\LAB0807.cpp(63,10): warning C4566: character represented by universal-character-name '\u0E0A' cannot be represented in the current code page (1252)
F:\Mahanakorn_UNIVERSITY\python & c\lab\MIIA0106-2025-B\LAB08\LAB0807\LAB0807.cpp(63,10): warning C4566: character represented by universal-character-name '\u0E37' cannot be represented in the current code page (1252)
F:\Mahanakorn_UNIVERSITY\python & c\lab\MIIA0106-2025-B\LAB08\LAB0807\LAB0807.cpp(63,10): warning C4566: character represented by universal-character-name '\u0E48' cannot be represented in the current code page (1252)
F:\Mahanakorn_UNIVERSITY\python & c\lab\MIIA0106-2025-B\LAB08\LAB0807\LAB0807.cpp(63,10): warning C4566: character represented by universal-character-name '\u0E2D' cannot be represented in the current code page (1252)
F:\Mahanakorn_UNIVERSITY\python & c\lab\MIIA0106-2025-B\LAB08\LAB0807\LAB0807.cpp(63,10): warning C4566: character represented by universal-character-name '\u0E04' cannot be represented in the current code page (1252)
F:\Mahanakorn_UNIVERSITY\python & c\lab\MIIA0106-2025-B\LAB08\LAB0807\LAB0807.cpp(63,10): warning C4566: character represented by universal-character-name '\u0E19' cannot be represented in the current code page (1252)
F:\Mahanakorn_UNIVERSITY\python & c\lab\MIIA0106-2025-B\LAB08\LAB0807\LAB0807.cpp(63,10): warning C4566: character represented by universal-character-name '\u0E43' cannot be represented in the current code page (1252)
F:\Mahanakorn_UNIVERSITY\python & c\lab\MIIA0106-2025-B\LAB08\LAB0807\LAB0807.cpp(63,10): warning C4566: character represented by universal-character-name '\u0E23' cannot be represented in the current code page (1252)
F:\Mahanakorn_UNIVERSITY\python & c\lab\MIIA0106-2025-B\LAB08\LAB0807\LAB0807.cpp(63,10): warning C4566: character represented by universal-character-name '\u0E1A' cannot be represented in the current code page (1252)
F:\Mahanakorn_UNIVERSITY\python & c\lab\MIIA0106-2025-B\LAB08\LAB0807\LAB0807.cpp(63,10): warning C4566: character represented by universal-character-name '\u0E31' cannot be represented in the current code page (1252)
F:\Mahanakorn_UNIVERSITY\python & c\lab\MIIA0106-2025-B\LAB08\LAB0807\LAB0807.cpp(63,10): warning C4566: character represented by universal-character-name '\u0E27' cannot be represented in the current code page (1252)
F:\Mahanakorn_UNIVERSITY\python & c\lab\MIIA0106-2025-B\LAB08\LAB0807\LAB0807.cpp(64,10): warning C4566: character represented by universal-character-name '\u0E04' cannot be represented in the current code page (1252)
F:\Mahanakorn_UNIVERSITY\python & c\lab\MIIA0106-2025-B\LAB08\LAB0807\LAB0807.cpp(64,10): warning C4566: character represented by universal-character-name '\u0E27' cannot be represented in the current code page (1252)
F:\Mahanakorn_UNIVERSITY\python & c\lab\MIIA0106-2025-B\LAB08\LAB0807\LAB0807.cpp(64,10): warning C4566: character represented by universal-character-name '\u0E32' cannot be represented in the current code page (1252)
F:\Mahanakorn_UNIVERSITY\python & c\lab\MIIA0106-2025-B\LAB08\LAB0807\LAB0807.cpp(64,10): warning C4566: character represented by universal-character-name '\u0E21' cannot be represented in the current code page (1252)
F:\Mahanakorn_UNIVERSITY\python & c\lab\MIIA0106-2025-B\LAB08\LAB0807\LAB0807.cpp(64,10): warning C4566: character represented by universal-character-name '\u0E2A' cannot be represented in the current code page (1252)
F:\Mahanakorn_UNIVERSITY\python & c\lab\MIIA0106-2025-B\LAB08\LAB0807\LAB0807.cpp(64,10): warning C4566: character represented by universal-character-name '\u0E31' cannot be represented in the current code page (1252)
F:\Mahanakorn_UNIVERSITY\python & c\lab\MIIA0106-2025-B\LAB08\LAB0807\LAB0807.cpp(64,10): warning C4566: character represented by universal-character-name '\u0E1E' cannot be represented in the current code page (1252)
F:\Mahanakorn_UNIVERSITY\python & c\lab\MIIA0106-2025-B\LAB08\LAB0807\LAB0807.cpp(64,10): warning C4566: character represented by universal-character-name '\u0E19' cannot be represented in the current code page (1252)
F:\Mahanakorn_UNIVERSITY\python & c\lab\MIIA0106-2025-B\LAB08\LAB0807\LAB0807.cpp(64,10): warning C4566: character represented by universal-character-name '\u0E18' cannot be represented in the current code page (1252)
F:\Mahanakorn_UNIVERSITY\python & c\lab\MIIA0106-2025-B\LAB08\LAB0807\LAB0807.cpp(64,10): warning C4566: character represented by universal-character-name '\u0E4C' cannot be represented in the current code page (1252)
F:\Mahanakorn_UNIVERSITY\python & c\lab\MIIA0106-2025-B\LAB08\LAB0807\LAB0807.cpp(66,10): warning C4566: character represented by universal-character-name '\u0E40' cannot be represented in the current code page (1252)
F:\Mahanakorn_UNIVERSITY\python & c\lab\MIIA0106-2025-B\LAB08\LAB0807\LAB0807.cpp(66,10): warning C4566: character represented by universal-character-name '\u0E1A' cannot be represented in the current code page (1252)
F:\Mahanakorn_UNIVERSITY\python & c\lab\MIIA0106-2025-B\LAB08\LAB0807\LAB0807.cpp(66,10): warning C4566: character represented by universal-character-name '\u0E2D' cannot be represented in the current code page (1252)
F:\Mahanakorn_UNIVERSITY\python & c\lab\MIIA0106-2025-B\LAB08\LAB0807\LAB0807.cpp(66,10): warning C4566: character represented by universal-character-name '\u0E23' cannot be represented in the current code page (1252)
F:\Mahanakorn_UNIVERSITY\python & c\lab\MIIA0106-2025-B\LAB08\LAB0807\LAB0807.cpp(66,10): warning C4566: character represented by universal-character-name '\u0E4C' cannot be represented in the current code page (1252)
F:\Mahanakorn_UNIVERSITY\python & c\lab\MIIA0106-2025-B\LAB08\LAB0807\LAB0807.cpp(66,10): warning C4566: character represented by universal-character-name '\u0E2A' cannot be represented in the current code page (1252)
F:\Mahanakorn_UNIVERSITY\python & c\lab\MIIA0106-2025-B\LAB08\LAB0807\LAB0807.cpp(66,10): warning C4566: character represented by universal-character-name '\u0E48' cannot be represented in the current code page (1252)
F:\Mahanakorn_UNIVERSITY\python & c\lab\MIIA0106-2025-B\LAB08\LAB0807\LAB0807.cpp(66,10): warning C4566: character represented by universal-character-name '\u0E27' cannot be represented in the current code page (1252)
F:\Mahanakorn_UNIVERSITY\python & c\lab\MIIA0106-2025-B\LAB08\LAB0807\LAB0807.cpp(66,10): warning C4566: character represented by universal-character-name '\u0E19' cannot be represented in the current code page (1252)
F:\Mahanakorn_UNIVERSITY\python & c\lab\MIIA0106-2025-B\LAB08\LAB0807\LAB0807.cpp(66,10): warning C4566: character represented by universal-character-name '\u0E15' cannot be represented in the current code page (1252)
F:\Mahanakorn_UNIVERSITY\python & c\lab\MIIA0106-2025-B\LAB08\LAB0807\LAB0807.cpp(66,10): warning C4566: character represented by universal-character-name '\u0E31' cannot be represented in the current code page (1252)
F:\Mahanakorn_UNIVERSITY\python & c\lab\MIIA0106-2025-B\LAB08\LAB0807\LAB0807.cpp(67,10): warning C4566: character represented by universal-character-name '\u0E40' cannot be represented in the current code page (1252)
F:\Mahanakorn_UNIVERSITY\python & c\lab\MIIA0106-2025-B\LAB08\LAB0807\LAB0807.cpp(67,10): warning C4566: character represented by universal-character-name '\u0E1A' cannot be represented in the current code page (1252)
F:\Mahanakorn_UNIVERSITY\python & c\lab\MIIA0106-2025-B\LAB08\LAB0807\LAB0807.cpp(67,10): warning C4566: character represented by universal-character-name '\u0E2D' cannot be represented in the current code page (1252)
F:\Mahanakorn_UNIVERSITY\python & c\lab\MIIA0106-2025-B\LAB08\LAB0807\LAB0807.cpp(67,10): warning C4566: character represented by universal-character-name '\u0E23' cannot be represented in the current code page (1252)
F:\Mahanakorn_UNIVERSITY\python & c\lab\MIIA0106-2025-B\LAB08\LAB0807\LAB0807.cpp(67,10): warning C4566: character represented by universal-character-name '\u0E4C' cannot be represented in the current code page (1252)
F:\Mahanakorn_UNIVERSITY\python & c\lab\MIIA0106-2025-B\LAB08\LAB0807\LAB0807.cpp(67,10): warning C4566: character represented by universal-character-name '\u0E49' cannot be represented in the current code page (1252)
F:\Mahanakorn_UNIVERSITY\python & c\lab\MIIA0106-2025-B\LAB08\LAB0807\LAB0807.cpp(67,10): warning C4566: character represented by universal-character-name '\u0E32' cannot be represented in the current code page (1252)
F:\Mahanakorn_UNIVERSITY\python & c\lab\MIIA0106-2025-B\LAB08\LAB0807\LAB0807.cpp(67,10): warning C4566: character represented by universal-character-name '\u0E19' cannot be represented in the current code page (1252)
  LAB0807.vcxproj -> F:\Mahanakorn_UNIVERSITY\python & c\lab\MIIA0106-2025-B\LAB08\LAB0801\x64\Debug\LAB0807.exe
